<?xml version="1.0" encoding="UTF-8"?>
<!-- Generated by org.testng.reporters.JUnitXMLReporter -->
<testsuite hostname="debian" failures="0" tests="4" name="Default test" time="29.68" errors="0" timestamp="4 Mar 2025 18:50:19 GMT">
  <testcase classname="test.TreciaUzd" name="testPurchaseFromData1" time="8.954"/>
  <testcase classname="test.TreciaUzd" name="testPurchaseFromData1" time="8.954"/>
  <testcase classname="test.TreciaUzd" name="testPurchaseFromData2" time="9.427"/>
  <testcase classname="test.TreciaUzd" name="testPurchaseFromData2" time="9.427"/>
</testsuite> <!-- Default test -->
